<?xml version="1.0" encoding="UTF-8"?>
<testsuite name="com.sproject.boot.springboot.web.HelloControllerTest" tests="2" skipped="0" failures="0" errors="0" timestamp="2021-07-13T07:46:22" hostname="DESKTOP-F6NRLVA" time="0.261">
  <properties/>
  <testcase name="hello가_리턴된다" classname="com.sproject.boot.springboot.web.HelloControllerTest" time="0.194"/>
  <testcase name="helloDto가_리턴된다" classname="com.sproject.boot.springboot.web.HelloControllerTest" time="0.067"/>
  <system-out><![CDATA[16:46:20.430 [Test worker] DEBUG org.springframework.test.context.junit4.SpringJUnit4ClassRunner - SpringJUnit4ClassRunner constructor called with [class com.sproject.boot.springboot.web.HelloControllerTest]
16:46:20.436 [Test worker] DEBUG org.springframework.test.context.BootstrapUtils - Instantiating CacheAwareContextLoaderDelegate from class [org.springframework.test.context.cache.DefaultCacheAwareContextLoaderDelegate]
16:46:20.443 [Test worker] DEBUG org.springframework.test.context.BootstrapUtils - Instantiating BootstrapContext using constructor [public org.springframework.test.context.support.DefaultBootstrapContext(java.lang.Class,org.springframework.test.context.CacheAwareContextLoaderDelegate)]
16:46:20.457 [Test worker] DEBUG org.springframework.test.context.BootstrapUtils - Instantiating TestContextBootstrapper for test class [com.sproject.boot.springboot.web.HelloControllerTest] from class [org.springframework.boot.test.autoconfigure.web.servlet.WebMvcTestContextBootstrapper]
16:46:20.474 [Test worker] INFO org.springframework.boot.test.autoconfigure.web.servlet.WebMvcTestContextBootstrapper - Neither @ContextConfiguration nor @ContextHierarchy found for test class [com.sproject.boot.springboot.web.HelloControllerTest], using SpringBootContextLoader
16:46:20.476 [Test worker] DEBUG org.springframework.test.context.support.AbstractContextLoader - Did not detect default resource location for test class [com.sproject.boot.springboot.web.HelloControllerTest]: class path resource [com/sproject/boot/springboot/web/HelloControllerTest-context.xml] does not exist
16:46:20.477 [Test worker] DEBUG org.springframework.test.context.support.AbstractContextLoader - Did not detect default resource location for test class [com.sproject.boot.springboot.web.HelloControllerTest]: class path resource [com/sproject/boot/springboot/web/HelloControllerTestContext.groovy] does not exist
16:46:20.477 [Test worker] INFO org.springframework.test.context.support.AbstractContextLoader - Could not detect default resource locations for test class [com.sproject.boot.springboot.web.HelloControllerTest]: no resource found for suffixes {-context.xml, Context.groovy}.
16:46:20.477 [Test worker] INFO org.springframework.test.context.support.AnnotationConfigContextLoaderUtils - Could not detect default configuration classes for test class [com.sproject.boot.springboot.web.HelloControllerTest]: HelloControllerTest does not declare any static, non-private, non-final, nested classes annotated with @Configuration.
16:46:20.532 [Test worker] DEBUG org.springframework.test.context.support.ActiveProfilesUtils - Could not find an 'annotation declaring class' for annotation type [org.springframework.test.context.ActiveProfiles] and class [com.sproject.boot.springboot.web.HelloControllerTest]
16:46:20.596 [Test worker] DEBUG org.springframework.context.annotation.ClassPathScanningCandidateComponentProvider - Identified candidate component class: file [C:\Users\pc1\Documents\git\project\build\classes\java\main\com\sproject\boot\springboot\Application.class]
16:46:20.598 [Test worker] INFO org.springframework.boot.test.context.SpringBootTestContextBootstrapper - Found @SpringBootConfiguration com.sproject.boot.springboot.Application for test class com.sproject.boot.springboot.web.HelloControllerTest
16:46:20.599 [Test worker] DEBUG org.springframework.boot.test.autoconfigure.web.servlet.WebMvcTestContextBootstrapper - @TestExecutionListeners is not present for class [com.sproject.boot.springboot.web.HelloControllerTest]: using defaults.
16:46:20.600 [Test worker] INFO org.springframework.boot.test.autoconfigure.web.servlet.WebMvcTestContextBootstrapper - Loaded default TestExecutionListener class names from location [META-INF/spring.factories]: [org.springframework.security.test.context.support.WithSecurityContextTestExecutionListener, org.springframework.security.test.context.support.ReactorContextTestExecutionListener, org.springframework.boot.test.autoconfigure.restdocs.RestDocsTestExecutionListener, org.springframework.boot.test.autoconfigure.web.client.MockRestServiceServerResetTestExecutionListener, org.springframework.boot.test.autoconfigure.web.servlet.MockMvcPrintOnlyOnFailureTestExecutionListener, org.springframework.boot.test.autoconfigure.web.servlet.WebDriverTestExecutionListener, org.springframework.boot.test.mock.mockito.MockitoTestExecutionListener, org.springframework.boot.test.mock.mockito.ResetMocksTestExecutionListener, org.springframework.test.context.web.ServletTestExecutionListener, org.springframework.test.context.support.DirtiesContextBeforeModesTestExecutionListener, org.springframework.test.context.support.DependencyInjectionTestExecutionListener, org.springframework.test.context.support.DirtiesContextTestExecutionListener, org.springframework.test.context.transaction.TransactionalTestExecutionListener, org.springframework.test.context.jdbc.SqlScriptsTestExecutionListener]
16:46:20.621 [Test worker] INFO org.springframework.boot.test.autoconfigure.web.servlet.WebMvcTestContextBootstrapper - Using TestExecutionListeners: [org.springframework.test.context.web.ServletTestExecutionListener@42d78933, org.springframework.test.context.support.DirtiesContextBeforeModesTestExecutionListener@60efb986, org.springframework.boot.test.mock.mockito.MockitoTestExecutionListener@12aff3c3, org.springframework.boot.test.autoconfigure.SpringBootDependencyInjectionTestExecutionListener@50158339, org.springframework.test.context.support.DirtiesContextTestExecutionListener@2ef51619, org.springframework.test.context.transaction.TransactionalTestExecutionListener@334ba9c8, org.springframework.test.context.jdbc.SqlScriptsTestExecutionListener@5e977589, org.springframework.security.test.context.support.WithSecurityContextTestExecutionListener@22e72929, org.springframework.security.test.context.support.ReactorContextTestExecutionListener@24a4a6b2, org.springframework.boot.test.autoconfigure.restdocs.RestDocsTestExecutionListener@4acf5e07, org.springframework.boot.test.autoconfigure.web.client.MockRestServiceServerResetTestExecutionListener@2f9141ea, org.springframework.boot.test.autoconfigure.web.servlet.MockMvcPrintOnlyOnFailureTestExecutionListener@34a49b50, org.springframework.boot.test.autoconfigure.web.servlet.WebDriverTestExecutionListener@35b43a40, org.springframework.boot.test.mock.mockito.ResetMocksTestExecutionListener@53b7597]
16:46:20.623 [Test worker] DEBUG org.springframework.test.annotation.ProfileValueUtils - Retrieved @ProfileValueSourceConfiguration [null] for test class [com.sproject.boot.springboot.web.HelloControllerTest]
16:46:20.624 [Test worker] DEBUG org.springframework.test.annotation.ProfileValueUtils - Retrieved ProfileValueSource type [class org.springframework.test.annotation.SystemProfileValueSource] for class [com.sproject.boot.springboot.web.HelloControllerTest]
16:46:20.624 [Test worker] DEBUG org.springframework.test.annotation.ProfileValueUtils - Retrieved @ProfileValueSourceConfiguration [null] for test class [com.sproject.boot.springboot.web.HelloControllerTest]
16:46:20.624 [Test worker] DEBUG org.springframework.test.annotation.ProfileValueUtils - Retrieved ProfileValueSource type [class org.springframework.test.annotation.SystemProfileValueSource] for class [com.sproject.boot.springboot.web.HelloControllerTest]
16:46:20.628 [Test worker] DEBUG org.springframework.test.context.support.AbstractDirtiesContextTestExecutionListener - Before test class: context [DefaultTestContext@68dd8c8b testClass = HelloControllerTest, testInstance = [null], testMethod = [null], testException = [null], mergedContextConfiguration = [WebMergedContextConfiguration@6447f34e testClass = HelloControllerTest, locations = '{}', classes = '{class com.sproject.boot.springboot.Application}', contextInitializerClasses = '[]', activeProfiles = '{}', propertySourceLocations = '{}', propertySourceProperties = '{org.springframework.boot.test.autoconfigure.web.servlet.WebMvcTestContextBootstrapper=true}', contextCustomizers = set[org.springframework.boot.test.autoconfigure.OverrideAutoConfigurationContextCustomizerFactory$DisableAutoConfigurationContextCustomizer@4dff0ab6, org.springframework.boot.test.autoconfigure.filter.TypeExcludeFiltersContextCustomizer@d0610c0f, org.springframework.boot.test.autoconfigure.properties.PropertyMappingContextCustomizer@cbbe58e9, org.springframework.boot.test.autoconfigure.web.servlet.WebDriverContextCustomizerFactory$Customizer@4494fb8d, [ImportsContextCustomizer@130f5b27 key = [org.springframework.boot.autoconfigure.cache.CacheAutoConfiguration, org.springframework.boot.autoconfigure.context.MessageSourceAutoConfiguration, org.springframework.boot.autoconfigure.data.web.SpringDataWebAutoConfiguration, org.springframework.boot.autoconfigure.freemarker.FreeMarkerAutoConfiguration, org.springframework.boot.autoconfigure.groovy.template.GroovyTemplateAutoConfiguration, org.springframework.boot.autoconfigure.gson.GsonAutoConfiguration, org.springframework.boot.autoconfigure.hateoas.HypermediaAutoConfiguration, org.springframework.boot.autoconfigure.http.HttpMessageConvertersAutoConfiguration, org.springframework.boot.autoconfigure.jackson.JacksonAutoConfiguration, org.springframework.boot.autoconfigure.jsonb.JsonbAutoConfiguration, org.springframework.boot.autoconfigure.mustache.MustacheAutoConfiguration, org.springframework.boot.autoconfigure.task.TaskExecutionAutoConfiguration, org.springframework.boot.autoconfigure.thymeleaf.ThymeleafAutoConfiguration, org.springframework.boot.autoconfigure.validation.ValidationAutoConfiguration, org.springframework.boot.autoconfigure.web.servlet.error.ErrorMvcAutoConfiguration, org.springframework.boot.autoconfigure.web.servlet.WebMvcAutoConfiguration, org.springframework.boot.test.autoconfigure.web.servlet.MockMvcAutoConfiguration, org.springframework.boot.test.autoconfigure.web.servlet.MockMvcSecurityAutoConfiguration, org.springframework.boot.test.autoconfigure.web.servlet.MockMvcWebClientAutoConfiguration, org.springframework.boot.test.autoconfigure.web.servlet.MockMvcWebDriverAutoConfiguration]], org.springframework.boot.test.context.filter.ExcludeFilterContextCustomizer@10a1b59d, org.springframework.boot.test.json.DuplicateJsonObjectContextCustomizerFactory$DuplicateJsonObjectContextCustomizer@742a10f1, org.springframework.boot.test.mock.mockito.MockitoContextCustomizer@0], resourceBasePath = 'src/main/webapp', contextLoader = 'org.springframework.boot.test.context.SpringBootContextLoader', parent = [null]], attributes = map[[empty]]], class annotated with @DirtiesContext [false] with mode [null].
16:46:20.629 [Test worker] DEBUG org.springframework.test.annotation.ProfileValueUtils - Retrieved @ProfileValueSourceConfiguration [null] for test class [com.sproject.boot.springboot.web.HelloControllerTest]
16:46:20.629 [Test worker] DEBUG org.springframework.test.annotation.ProfileValueUtils - Retrieved ProfileValueSource type [class org.springframework.test.annotation.SystemProfileValueSource] for class [com.sproject.boot.springboot.web.HelloControllerTest]
16:46:20.633 [Test worker] DEBUG org.springframework.test.context.support.DependencyInjectionTestExecutionListener - Performing dependency injection for test context [[DefaultTestContext@68dd8c8b testClass = HelloControllerTest, testInstance = com.sproject.boot.springboot.web.HelloControllerTest@71fdbbe5, testMethod = [null], testException = [null], mergedContextConfiguration = [WebMergedContextConfiguration@6447f34e testClass = HelloControllerTest, locations = '{}', classes = '{class com.sproject.boot.springboot.Application}', contextInitializerClasses = '[]', activeProfiles = '{}', propertySourceLocations = '{}', propertySourceProperties = '{org.springframework.boot.test.autoconfigure.web.servlet.WebMvcTestContextBootstrapper=true}', contextCustomizers = set[org.springframework.boot.test.autoconfigure.OverrideAutoConfigurationContextCustomizerFactory$DisableAutoConfigurationContextCustomizer@4dff0ab6, org.springframework.boot.test.autoconfigure.filter.TypeExcludeFiltersContextCustomizer@d0610c0f, org.springframework.boot.test.autoconfigure.properties.PropertyMappingContextCustomizer@cbbe58e9, org.springframework.boot.test.autoconfigure.web.servlet.WebDriverContextCustomizerFactory$Customizer@4494fb8d, [ImportsContextCustomizer@130f5b27 key = [org.springframework.boot.autoconfigure.cache.CacheAutoConfiguration, org.springframework.boot.autoconfigure.context.MessageSourceAutoConfiguration, org.springframework.boot.autoconfigure.data.web.SpringDataWebAutoConfiguration, org.springframework.boot.autoconfigure.freemarker.FreeMarkerAutoConfiguration, org.springframework.boot.autoconfigure.groovy.template.GroovyTemplateAutoConfiguration, org.springframework.boot.autoconfigure.gson.GsonAutoConfiguration, org.springframework.boot.autoconfigure.hateoas.HypermediaAutoConfiguration, org.springframework.boot.autoconfigure.http.HttpMessageConvertersAutoConfiguration, org.springframework.boot.autoconfigure.jackson.JacksonAutoConfiguration, org.springframework.boot.autoconfigure.jsonb.JsonbAutoConfiguration, org.springframework.boot.autoconfigure.mustache.MustacheAutoConfiguration, org.springframework.boot.autoconfigure.task.TaskExecutionAutoConfiguration, org.springframework.boot.autoconfigure.thymeleaf.ThymeleafAutoConfiguration, org.springframework.boot.autoconfigure.validation.ValidationAutoConfiguration, org.springframework.boot.autoconfigure.web.servlet.error.ErrorMvcAutoConfiguration, org.springframework.boot.autoconfigure.web.servlet.WebMvcAutoConfiguration, org.springframework.boot.test.autoconfigure.web.servlet.MockMvcAutoConfiguration, org.springframework.boot.test.autoconfigure.web.servlet.MockMvcSecurityAutoConfiguration, org.springframework.boot.test.autoconfigure.web.servlet.MockMvcWebClientAutoConfiguration, org.springframework.boot.test.autoconfigure.web.servlet.MockMvcWebDriverAutoConfiguration]], org.springframework.boot.test.context.filter.ExcludeFilterContextCustomizer@10a1b59d, org.springframework.boot.test.json.DuplicateJsonObjectContextCustomizerFactory$DuplicateJsonObjectContextCustomizer@742a10f1, org.springframework.boot.test.mock.mockito.MockitoContextCustomizer@0], resourceBasePath = 'src/main/webapp', contextLoader = 'org.springframework.boot.test.context.SpringBootContextLoader', parent = [null]], attributes = map[[empty]]]].
16:46:20.735 [Test worker] DEBUG org.springframework.test.context.support.TestPropertySourceUtils - Adding inlined properties to environment: {spring.jmx.enabled=false, org.springframework.boot.test.autoconfigure.web.servlet.WebMvcTestContextBootstrapper=true, server.port=-1}

  .   ____          _            __ _ _
 /\\ / ___'_ __ _ _(_)_ __  __ _ \ \ \ \
( ( )\___ | '_ | '_| | '_ \/ _` | \ \ \ \
 \\/  ___)| |_)| | | | | || (_| |  ) ) ) )
  '  |____| .__|_| |_|_| |_\__, | / / / /
 =========|_|==============|___/=/_/_/_/
 :: Spring Boot ::        (v2.1.7.RELEASE)

2021-07-13 16:46:20.990  INFO 28148 --- [    Test worker] c.s.b.s.web.HelloControllerTest          : Starting HelloControllerTest on DESKTOP-F6NRLVA with PID 28148 (started by pc1 in C:\Users\pc1\Documents\git\project)
2021-07-13 16:46:20.991  INFO 28148 --- [    Test worker] c.s.b.s.web.HelloControllerTest          : The following profiles are active: oauth
2021-07-13 16:46:22.049  INFO 28148 --- [    Test worker] o.s.s.concurrent.ThreadPoolTaskExecutor  : Initializing ExecutorService 'applicationTaskExecutor'
2021-07-13 16:46:22.124  INFO 28148 --- [    Test worker] o.s.b.a.w.s.WelcomePageHandlerMapping    : Adding welcome page template: index
2021-07-13 16:46:22.380  INFO 28148 --- [    Test worker] .s.s.UserDetailsServiceAutoConfiguration : 

Using generated security password: e0c946a7-8141-4fa8-8dad-1bfd750b505b

2021-07-13 16:46:22.606  INFO 28148 --- [    Test worker] o.s.s.web.DefaultSecurityFilterChain     : Creating filter chain: any request, [org.springframework.security.web.context.request.async.WebAsyncManagerIntegrationFilter@1458c6bd, org.springframework.security.web.context.SecurityContextPersistenceFilter@22c3ca18, org.springframework.security.web.header.HeaderWriterFilter@144526a5, org.springframework.security.web.csrf.CsrfFilter@5baadf5a, org.springframework.security.web.authentication.logout.LogoutFilter@6910320f, org.springframework.security.web.authentication.UsernamePasswordAuthenticationFilter@15b57f33, org.springframework.security.web.authentication.ui.DefaultLoginPageGeneratingFilter@44ed90b2, org.springframework.security.web.authentication.ui.DefaultLogoutPageGeneratingFilter@21bc7a11, org.springframework.security.web.authentication.www.BasicAuthenticationFilter@7d512429, org.springframework.security.web.savedrequest.RequestCacheAwareFilter@31b2b844, org.springframework.security.web.servletapi.SecurityContextHolderAwareRequestFilter@7692638a, org.springframework.security.web.authentication.AnonymousAuthenticationFilter@4d6d4122, org.springframework.security.web.session.SessionManagementFilter@71bd5f5b, org.springframework.security.web.access.ExceptionTranslationFilter@651d8043, org.springframework.security.web.access.intercept.FilterSecurityInterceptor@2be6a501]
2021-07-13 16:46:22.650  INFO 28148 --- [    Test worker] o.s.b.t.m.w.SpringBootMockServletContext : Initializing Spring TestDispatcherServlet ''
2021-07-13 16:46:22.650  INFO 28148 --- [    Test worker] o.s.t.web.servlet.TestDispatcherServlet  : Initializing Servlet ''
2021-07-13 16:46:22.664  INFO 28148 --- [    Test worker] o.s.t.web.servlet.TestDispatcherServlet  : Completed initialization in 14 ms
2021-07-13 16:46:22.705  INFO 28148 --- [    Test worker] c.s.b.s.web.HelloControllerTest          : Started HelloControllerTest in 1.962 seconds (JVM running for 3.098)
]]></system-out>
  <system-err><![CDATA[]]></system-err>
</testsuite>
